<?xml version="1.0" encoding="UTF-8"?>
<!-- Generated by org.testng.reporters.JUnitXMLReporter -->
<testsuite ignored="0" hostname="DESKTOP-A55II15" failures="0" tests="4" name="Chrome Mozila Test" time="18.307" errors="0" timestamp="2022-08-06T11:47:12 IST">
  <testcase classname="com.SauceDemo.TestClasses1.TC002_VerifyLogOutFunctionality" name="logoutFunctionalty" time="0.327"/>
  <testcase classname="com.SauceDemo.TestClasses1.TC004_VerifyMultiProductAddtoCartFunctionality" name="multipleProductAddToCartFunctionality" time="0.57"/>
  <testcase classname="com.SauceDemo.TestClasses1.TC001_VerifyLoginPageFunctionality" name="loginPageFunctionality" time="0.254"/>
  <testcase classname="com.SauceDemo.TestClasses1.TC003_VerifyAddToCartFunctionality" name="addToCartFunctionality" time="0.37"/>
</testsuite> <!-- Chrome Mozila Test -->
