<?xml version="1.0" encoding="UTF-8"?>
<!-- Generated by org.testng.reporters.JUnitXMLReporter -->
<testsuite ignored="0" hostname="DESKTOP-A55II15" failures="0" tests="4" name="Firefox Test" time="30.101" errors="0" timestamp="2022-08-06T11:47:43 IST">
  <testcase classname="com.SauceDemo.TestClasses1.TC002_VerifyLogOutFunctionality" name="logoutFunctionalty" time="0.517"/>
  <testcase classname="com.SauceDemo.TestClasses1.TC004_VerifyMultiProductAddtoCartFunctionality" name="multipleProductAddToCartFunctionality" time="1.594"/>
  <testcase classname="com.SauceDemo.TestClasses1.TC001_VerifyLoginPageFunctionality" name="loginPageFunctionality" time="0.132"/>
  <testcase classname="com.SauceDemo.TestClasses1.TC003_VerifyAddToCartFunctionality" name="addToCartFunctionality" time="0.387"/>
</testsuite> <!-- Firefox Test -->
