<?xml version="1.0" encoding="UTF-8"?>
<!-- Generated by org.testng.reporters.JUnitXMLReporter -->
<testsuite ignored="0" hostname="DESKTOP-A55II15" failures="0" tests="4" name="Chrome Test" time="10.733" errors="0" timestamp="2022-08-04T18:39:08 IST">
  <testcase classname="com.SauceDemo.TestClasses1.TC003_VerifyAddToCartFunctionality" name="addToCartFunctionality" time="1.003"/>
  <testcase classname="com.SauceDemo.TestClasses1.TC001_VerifyLoginPageFunctionality" name="loginPageFunctionality" time="0.496"/>
  <testcase classname="com.SauceDemo.TestClasses1.TC002_VerifyLogOutFunctionality" name="logoutFunctionalty" time="0.622"/>
  <testcase classname="com.SauceDemo.TestClasses1.TC004_VerifyMultipleProductAddToCartFunctionality" name="multipleProductAddToCartFunctionality" time="1.643"/>
</testsuite> <!-- Chrome Test -->
