<?xml version="1.0" encoding="UTF-8"?>
<!-- Generated by org.testng.reporters.JUnitXMLReporter -->
<testsuite ignored="0" hostname="DESKTOP-A55II15" failures="0" tests="2" name="HighPriority Test" time="5.303" errors="0" timestamp="2022-08-05T12:03:01 IST">
  <testcase classname="com.SauceDemo.TestClasses1.TC003_VerifyAddToCartFunctionality" name="addToCartFunctionality" time="0.421"/>
  <testcase classname="com.SauceDemo.TestClasses1.TC004_VerifyMultipleProductAddToCartFunctionality" name="multipleProductAddToCartFunctionality" time="0.69"/>
</testsuite> <!-- HighPriority Test -->
