<?xml version="1.0" encoding="UTF-8"?>
<!-- Generated by org.testng.reporters.JUnitXMLReporter -->
<testsuite ignored="0" hostname="DESKTOP-A55II15" failures="0" tests="2" name="High Priority Test" time="13.507" errors="0" timestamp="2022-08-06T19:25:20 IST">
  <testcase classname="com.SauceDemo.TestClasses1.TC004_VerifyMultiProductAddtoCartFunctionality" name="multipleProductAddToCartFunctionality" time="1.732"/>
  <testcase classname="com.SauceDemo.TestClasses1.TC003_VerifyAddToCartFunctionality" name="addToCartFunctionality" time="0.485"/>
</testsuite> <!-- High Priority Test -->
