<?xml version="1.0" encoding="UTF-8"?>
<!-- Generated by org.testng.reporters.JUnitXMLReporter -->
<testsuite ignored="0" hostname="DESKTOP-A55II15" failures="0" tests="2" name="LowPriority Test" time="7.704" errors="0" timestamp="2022-08-05T12:02:56 IST">
  <testcase classname="com.SauceDemo.TestClasses1.TC001_VerifyLoginPageFunctionality" name="loginPageFunctionality" time="0.276"/>
  <testcase classname="com.SauceDemo.TestClasses1.TC002_VerifyLogOutFunctionality" name="logoutFunctionalty" time="0.452"/>
</testsuite> <!-- LowPriority Test -->
