<?xml version="1.0" encoding="UTF-8"?>
<testng-results ignored="0" total="4" passed="4" failed="0" skipped="0">
  <reporter-output>
  </reporter-output>
  <suite started-at="2022-08-06T19:24:52 IST" name="Sanity Suite" finished-at="2022-08-06T19:25:20 IST" duration-ms="27413">
    <groups>
    </groups>
    <test started-at="2022-08-06T19:24:52 IST" name="Low Priority Test" finished-at="2022-08-06T19:25:06 IST" duration-ms="13867">
      <class name="com.SauceDemo.TestClasses1.TC002_VerifyLogOutFunctionality">
        <test-method is-config="true" signature="setUP(java.lang.String)[pri:0, instance:com.SauceDemo.TestClasses1.TC002_VerifyLogOutFunctionality@66498326]" started-at="2022-08-06T19:24:52 IST" name="setUP" finished-at="2022-08-06T19:24:58 IST" duration-ms="6102" status="PASS">
          <params>
            <param index="0">
              <value>
                <![CDATA[firefox]]>
              </value>
            </param>
          </params>
          <reporter-output>
          </reporter-output>
        </test-method> <!-- setUP -->
        <test-method signature="logoutFunctionalty()[pri:3, instance:com.SauceDemo.TestClasses1.TC002_VerifyLogOutFunctionality@66498326]" started-at="2022-08-06T19:24:58 IST" name="logoutFunctionalty" finished-at="2022-08-06T19:24:59 IST" duration-ms="615" status="PASS">
          <reporter-output>
          </reporter-output>
        </test-method> <!-- logoutFunctionalty -->
        <test-method is-config="true" signature="tearDown()[pri:0, instance:com.SauceDemo.TestClasses1.TC002_VerifyLogOutFunctionality@66498326]" started-at="2022-08-06T19:24:59 IST" name="tearDown" finished-at="2022-08-06T19:25:00 IST" duration-ms="1151" status="PASS">
          <reporter-output>
          </reporter-output>
        </test-method> <!-- tearDown -->
      </class> <!-- com.SauceDemo.TestClasses1.TC002_VerifyLogOutFunctionality -->
      <class name="com.SauceDemo.TestClasses1.TC001_VerifyLoginPageFunctionality">
        <test-method is-config="true" signature="setUP(java.lang.String)[pri:0, instance:com.SauceDemo.TestClasses1.TC001_VerifyLoginPageFunctionality@4bb33f74]" started-at="2022-08-06T19:25:00 IST" name="setUP" finished-at="2022-08-06T19:25:05 IST" duration-ms="4746" status="PASS">
          <params>
            <param index="0">
              <value>
                <![CDATA[firefox]]>
              </value>
            </param>
          </params>
          <reporter-output>
          </reporter-output>
        </test-method> <!-- setUP -->
        <test-method signature="loginPageFunctionality()[pri:4, instance:com.SauceDemo.TestClasses1.TC001_VerifyLoginPageFunctionality@4bb33f74]" started-at="2022-08-06T19:25:05 IST" name="loginPageFunctionality" finished-at="2022-08-06T19:25:05 IST" duration-ms="147" status="PASS">
          <reporter-output>
          </reporter-output>
        </test-method> <!-- loginPageFunctionality -->
        <test-method is-config="true" signature="tearDown()[pri:0, instance:com.SauceDemo.TestClasses1.TC001_VerifyLoginPageFunctionality@4bb33f74]" started-at="2022-08-06T19:25:05 IST" name="tearDown" finished-at="2022-08-06T19:25:06 IST" duration-ms="1053" status="PASS">
          <reporter-output>
          </reporter-output>
        </test-method> <!-- tearDown -->
      </class> <!-- com.SauceDemo.TestClasses1.TC001_VerifyLoginPageFunctionality -->
    </test> <!-- Low Priority Test -->
    <test started-at="2022-08-06T19:25:06 IST" name="High Priority Test" finished-at="2022-08-06T19:25:20 IST" duration-ms="13507">
      <class name="com.SauceDemo.TestClasses1.TC004_VerifyMultiProductAddtoCartFunctionality">
        <test-method is-config="true" signature="setUP(java.lang.String)[pri:0, instance:com.SauceDemo.TestClasses1.TC004_VerifyMultiProductAddtoCartFunctionality@a530d0a]" started-at="2022-08-06T19:25:06 IST" name="setUP" finished-at="2022-08-06T19:25:11 IST" duration-ms="4768" status="PASS">
          <params>
            <param index="0">
              <value>
                <![CDATA[firefox]]>
              </value>
            </param>
          </params>
          <reporter-output>
          </reporter-output>
        </test-method> <!-- setUP -->
        <test-method signature="multipleProductAddToCartFunctionality()[pri:1, instance:com.SauceDemo.TestClasses1.TC004_VerifyMultiProductAddtoCartFunctionality@a530d0a]" started-at="2022-08-06T19:25:11 IST" name="multipleProductAddToCartFunctionality" finished-at="2022-08-06T19:25:13 IST" duration-ms="1732" status="PASS">
          <reporter-output>
          </reporter-output>
        </test-method> <!-- multipleProductAddToCartFunctionality -->
        <test-method is-config="true" signature="tearDown()[pri:0, instance:com.SauceDemo.TestClasses1.TC004_VerifyMultiProductAddtoCartFunctionality@a530d0a]" started-at="2022-08-06T19:25:13 IST" name="tearDown" finished-at="2022-08-06T19:25:14 IST" duration-ms="942" status="PASS">
          <reporter-output>
          </reporter-output>
        </test-method> <!-- tearDown -->
      </class> <!-- com.SauceDemo.TestClasses1.TC004_VerifyMultiProductAddtoCartFunctionality -->
      <class name="com.SauceDemo.TestClasses1.TC003_VerifyAddToCartFunctionality">
        <test-method is-config="true" signature="setUP(java.lang.String)[pri:0, instance:com.SauceDemo.TestClasses1.TC003_VerifyAddToCartFunctionality@1a18644]" started-at="2022-08-06T19:25:14 IST" name="setUP" finished-at="2022-08-06T19:25:18 IST" duration-ms="4518" status="PASS">
          <params>
            <param index="0">
              <value>
                <![CDATA[firefox]]>
              </value>
            </param>
          </params>
          <reporter-output>
          </reporter-output>
        </test-method> <!-- setUP -->
        <test-method signature="addToCartFunctionality()[pri:2, instance:com.SauceDemo.TestClasses1.TC003_VerifyAddToCartFunctionality@1a18644]" started-at="2022-08-06T19:25:18 IST" name="addToCartFunctionality" finished-at="2022-08-06T19:25:19 IST" duration-ms="485" status="PASS">
          <reporter-output>
          </reporter-output>
        </test-method> <!-- addToCartFunctionality -->
        <test-method is-config="true" signature="tearDown()[pri:0, instance:com.SauceDemo.TestClasses1.TC003_VerifyAddToCartFunctionality@1a18644]" started-at="2022-08-06T19:25:19 IST" name="tearDown" finished-at="2022-08-06T19:25:20 IST" duration-ms="1053" status="PASS">
          <reporter-output>
          </reporter-output>
        </test-method> <!-- tearDown -->
      </class> <!-- com.SauceDemo.TestClasses1.TC003_VerifyAddToCartFunctionality -->
    </test> <!-- High Priority Test -->
  </suite> <!-- Sanity Suite -->
</testng-results>
